UnitConverter/app/build/outputs/logs/manifest-merger-debug-report.txt
-- Merging decision tree log ---
manifest
ADDED from src\main\AndroidManifest.xml:2:1-182:12
	package
		ADDED from src\main\AndroidManifest.xml:3:5-40
		INJECTED from src\main\AndroidManifest.xml
		INJECTED from src\main\AndroidManifest.xml
	android:versionName
		INJECTED from src\main\AndroidManifest.xml
		INJECTED from src\main\AndroidManifest.xml
	xmlns:android
		ADDED from src\main\AndroidManifest.xml:2:11-69
	android:versionCode
		INJECTED from src\main\AndroidManifest.xml
		INJECTED from src\main\AndroidManifest.xml
application
ADDED from src\main\AndroidManifest.xml:5:5-180:19
MERGED from [com.android.support:appcompat-v7:21.0.3] AndroidManifest.xml:16:5-19
MERGED from [com.android.support:support-v4:21.0.3] AndroidManifest.xml:16:5-19
	android:label
		ADDED from src\main\AndroidManifest.xml:8:9-41
	android:supportsRtl
		ADDED from src\main\AndroidManifest.xml:9:9-35
	android:allowBackup
		ADDED from src\main\AndroidManifest.xml:6:9-35
	android:icon
		ADDED from src\main\AndroidManifest.xml:7:9-43
	android:theme
		ADDED from src\main\AndroidManifest.xml:10:9-40
activity#com.kaushal.myapplication.MainActivity
ADDED from src\main\AndroidManifest.xml:11:9-19:20
	android:label
		ADDED from src\main\AndroidManifest.xml:13:13-45
	android:name
		ADDED from src\main\AndroidManifest.xml:12:13-41
intent-filter#android.intent.action.MAIN+android.intent.category.LAUNCHER
ADDED from src\main\AndroidManifest.xml:14:13-18:29
action#android.intent.action.MAIN
ADDED from src\main\AndroidManifest.xml:15:17-69
	android:name
		ADDED from src\main\AndroidManifest.xml:15:25-66
category#android.intent.category.LAUNCHER
ADDED from src\main\AndroidManifest.xml:17:17-77
	android:name
		ADDED from src\main\AndroidManifest.xml:17:27-74
activity#com.kaushal.myapplication.activity1
ADDED from src\main\AndroidManifest.xml:20:9-27:20
	android:label
		ADDED from src\main\AndroidManifest.xml:22:13-61
	android:parentActivityName
		ADDED from src\main\AndroidManifest.xml:23:13-55
	android:name
		ADDED from src\main\AndroidManifest.xml:21:13-38
meta-data#android.support.PARENT_ACTIVITY
ADDED from src\main\AndroidManifest.xml:24:13-26:74
	android:value
		ADDED from src\main\AndroidManifest.xml:26:17-71
	android:name
		ADDED from src\main\AndroidManifest.xml:25:17-63
activity#com.kaushal.myapplication.Living
ADDED from src\main\AndroidManifest.xml:28:9-35:20
	android:label
		ADDED from src\main\AndroidManifest.xml:30:13-58
	android:parentActivityName
		ADDED from src\main\AndroidManifest.xml:31:13-55
	android:name
		ADDED from src\main\AndroidManifest.xml:29:13-35
activity#com.kaushal.myapplication.Science
ADDED from src\main\AndroidManifest.xml:36:9-43:20
	android:label
		ADDED from src\main\AndroidManifest.xml:38:13-59
	android:parentActivityName
		ADDED from src\main\AndroidManifest.xml:39:13-55
	android:name
		ADDED from src\main\AndroidManifest.xml:37:13-36
activity#com.kaushal.myapplication.Misc
ADDED from src\main\AndroidManifest.xml:44:9-51:20
	android:label
		ADDED from src\main\AndroidManifest.xml:46:13-56
	android:parentActivityName
		ADDED from src\main\AndroidManifest.xml:47:13-55
	android:name
		ADDED from src\main\AndroidManifest.xml:45:13-33
activity#com.kaushal.myapplication.Basic
ADDED from src\main\AndroidManifest.xml:52:9-59:20
	android:label
		ADDED from src\main\AndroidManifest.xml:54:13-57
	android:parentActivityName
		ADDED from src\main\AndroidManifest.xml:55:13-55
	android:name
		ADDED from src\main\AndroidManifest.xml:53:13-34
activity#com.kaushal.myapplication.LengthConverter
ADDED from src\main\AndroidManifest.xml:60:9-67:20
	android:label
		ADDED from src\main\AndroidManifest.xml:62:13-68
	android:parentActivityName
		ADDED from src\main\AndroidManifest.xml:63:13-48
	android:name
		ADDED from src\main\AndroidManifest.xml:61:13-44
activity#com.kaushal.myapplication.AreaConverter
ADDED from src\main\AndroidManifest.xml:68:9-75:20
	android:label
		ADDED from src\main\AndroidManifest.xml:70:13-66
	android:parentActivityName
		ADDED from src\main\AndroidManifest.xml:71:13-48
	android:name
		ADDED from src\main\AndroidManifest.xml:69:13-42
activity#com.kaushal.myapplication.WeightConverter
ADDED from src\main\AndroidManifest.xml:76:9-83:20
	android:label
		ADDED from src\main\AndroidManifest.xml:78:13-68
	android:parentActivityName
		ADDED from src\main\AndroidManifest.xml:79:13-48
	android:name
		ADDED from src\main\AndroidManifest.xml:77:13-44
activity#com.kaushal.myapplication.VolumeConverter
ADDED from src\main\AndroidManifest.xml:84:9-91:20
	android:label
		ADDED from src\main\AndroidManifest.xml:86:13-68
	android:parentActivityName
		ADDED from src\main\AndroidManifest.xml:87:13-48
	android:name
		ADDED from src\main\AndroidManifest.xml:85:13-44
activity#com.kaushal.myapplication.TemperatureConverter
ADDED from src\main\AndroidManifest.xml:92:9-99:20
	android:label
		ADDED from src\main\AndroidManifest.xml:94:13-73
	android:parentActivityName
		ADDED from src\main\AndroidManifest.xml:95:13-49
	android:name
		ADDED from src\main\AndroidManifest.xml:93:13-49
activity#com.kaushal.myapplication.TimeConverter
ADDED from src\main\AndroidManifest.xml:100:9-107:20
	android:label
		ADDED from src\main\AndroidManifest.xml:102:13-66
	android:parentActivityName
		ADDED from src\main\AndroidManifest.xml:103:13-49
	android:name
		ADDED from src\main\AndroidManifest.xml:101:13-42
activity#com.kaushal.myapplication.SpeedConverter
ADDED from src\main\AndroidManifest.xml:108:9-115:20
	android:label
		ADDED from src\main\AndroidManifest.xml:110:13-67
	android:parentActivityName
		ADDED from src\main\AndroidManifest.xml:111:13-49
	android:name
		ADDED from src\main\AndroidManifest.xml:109:13-43
activity#com.kaushal.myapplication.PressureConverter
ADDED from src\main\AndroidManifest.xml:116:9-123:20
	android:label
		ADDED from src\main\AndroidManifest.xml:118:13-70
	android:parentActivityName
		ADDED from src\main\AndroidManifest.xml:119:13-50
	android:name
		ADDED from src\main\AndroidManifest.xml:117:13-46
activity#com.kaushal.myapplication.ForceConverter
ADDED from src\main\AndroidManifest.xml:124:9-131:20
	android:label
		ADDED from src\main\AndroidManifest.xml:126:13-67
	android:parentActivityName
		ADDED from src\main\AndroidManifest.xml:127:13-50
	android:name
		ADDED from src\main\AndroidManifest.xml:125:13-43
activity#com.kaushal.myapplication.WorkConverter
ADDED from src\main\AndroidManifest.xml:132:9-139:20
	android:label
		ADDED from src\main\AndroidManifest.xml:134:13-66
	android:parentActivityName
		ADDED from src\main\AndroidManifest.xml:135:13-50
	android:name
		ADDED from src\main\AndroidManifest.xml:133:13-42
activity#com.kaushal.myapplication.PowerConverter
ADDED from src\main\AndroidManifest.xml:140:9-147:20
	android:label
		ADDED from src\main\AndroidManifest.xml:142:13-67
	android:parentActivityName
		ADDED from src\main\AndroidManifest.xml:143:13-50
	android:name
		ADDED from src\main\AndroidManifest.xml:141:13-43
activity#com.kaushal.myapplication.AngleConverter
ADDED from src\main\AndroidManifest.xml:148:9-155:20
	android:label
		ADDED from src\main\AndroidManifest.xml:150:13-67
	android:parentActivityName
		ADDED from src\main\AndroidManifest.xml:151:13-47
	android:name
		ADDED from src\main\AndroidManifest.xml:149:13-43
activity#com.kaushal.myapplication.DataConverter
ADDED from src\main\AndroidManifest.xml:156:9-163:20
	android:label
		ADDED from src\main\AndroidManifest.xml:158:13-66
	android:parentActivityName
		ADDED from src\main\AndroidManifest.xml:159:13-47
	android:name
		ADDED from src\main\AndroidManifest.xml:157:13-42
activity#com.kaushal.myapplication.FuelConverter
ADDED from src\main\AndroidManifest.xml:164:9-171:20
	android:label
		ADDED from src\main\AndroidManifest.xml:166:13-66
	android:parentActivityName
		ADDED from src\main\AndroidManifest.xml:167:13-47
	android:name
		ADDED from src\main\AndroidManifest.xml:165:13-42
activity#com.kaushal.myapplication.CookingConverter
ADDED from src\main\AndroidManifest.xml:172:9-179:20
	android:label
		ADDED from src\main\AndroidManifest.xml:174:13-69
	android:parentActivityName
		ADDED from src\main\AndroidManifest.xml:175:13-47
	android:name
		ADDED from src\main\AndroidManifest.xml:173:13-45
uses-sdk
INJECTED from src\main\AndroidManifest.xml reason: use-sdk injection requested
MERGED from [com.android.support:appcompat-v7:21.0.3] AndroidManifest.xml:15:5-42
MERGED from [com.android.support:support-v4:21.0.3] AndroidManifest.xml:15:5-42
	android:targetSdkVersion
		INJECTED from src\main\AndroidManifest.xml
		INJECTED from src\main\AndroidManifest.xml
	android:minSdkVersion
		INJECTED from src\main\AndroidManifest.xml
		INJECTED from src\main\AndroidManifest.xml